<?xml version="1.0" encoding="UTF-8"?>
<!-- Generated by org.testng.reporters.JUnitXMLReporter -->
<testsuite ignored="1" hostname="DESKTOP-AAB7PMU" failures="0" tests="1" name="Default test" time="22.959" errors="0" timestamp="2024-01-07T16:31:45 IST">
  <testcase classname="test.ProductSearchTest" name="verifyProductAreNotDisplayOnSearchValidSearch" time="5.983"/>
  <testcase classname="test.ProductSearchTest" name="verifyProductAreDisplayOnSearchValidSearch" time="0.0">
    <ignored/>
  </testcase> <!-- verifyProductAreDisplayOnSearchValidSearch -->
</testsuite> <!-- Default test -->
