<?xml version="1.0" encoding="UTF-8"?>
<!-- Generated by org.testng.reporters.JUnitXMLReporter -->
<testsuite ignored="2" hostname="DESKTOP-AAB7PMU" failures="0" tests="1" name="Default test" time="7.738" errors="0" timestamp="2024-01-05T16:35:45 IST">
  <testcase classname="test.AddToCart" name="verifyUserIsAbleToRemoveProductFromCart" time="2.368"/>
  <testcase classname="test.AddToCart" name="verifyIfUserAbleToAddMultipleProductToCart" time="0.0">
    <ignored/>
  </testcase> <!-- verifyIfUserAbleToAddMultipleProductToCart -->
  <testcase classname="test.AddToCart" name="verifyIfUserIsAbleToAddToCartUsingQuickViewOption" time="0.0">
    <ignored/>
  </testcase> <!-- verifyIfUserIsAbleToAddToCartUsingQuickViewOption -->
</testsuite> <!-- Default test -->
