<?xml version="1.0" encoding="UTF-8"?>
<testng-results ignored="0" total="1" passed="1" failed="0" skipped="0">
  <reporter-output>
  </reporter-output>
  <suite started-at="2024-01-05T16:35:38 IST" name="Default suite" finished-at="2024-01-05T16:35:45 IST" duration-ms="7738">
    <groups>
    </groups>
    <test started-at="2024-01-05T16:35:38 IST" name="Default test" finished-at="2024-01-05T16:35:45 IST" duration-ms="7738">
      <class name="test.AddToCart">
        <test-method is-config="true" signature="openApllication()[pri:0, instance:test.AddToCart@6aeb35e6]" started-at="2024-01-05T16:35:38 IST" name="openApllication" finished-at="2024-01-05T16:35:43 IST" duration-ms="5276" status="PASS">
          <reporter-output>
          </reporter-output>
        </test-method> <!-- openApllication -->
        <test-method signature="verifyUserIsAbleToRemoveProductFromCart()[pri:0, instance:test.AddToCart@6aeb35e6]" started-at="2024-01-05T16:35:43 IST" name="verifyUserIsAbleToRemoveProductFromCart" finished-at="2024-01-05T16:35:45 IST" duration-ms="2368" status="PASS">
          <reporter-output>
          </reporter-output>
        </test-method> <!-- verifyUserIsAbleToRemoveProductFromCart -->
      </class> <!-- test.AddToCart -->
    </test> <!-- Default test -->
  </suite> <!-- Default suite -->
</testng-results>
